                               *****************
                               ***CASE REPORT***
                               *****************

Simulation Metadata
----------------------
 GEOPHIRES Version: 3.9.65
 Simulation Date: 2026-03-24
 Simulation Time:  16:18
 Calculation Time:      2.903 sec

                           ***SUMMARY OF RESULTS***

      End-Use Option: Electricity
      Average Net Electricity Production:                     8.58 MW
      Electricity breakeven price:                            8.04 cents/kWh
      Number of production wells:                             2
      Number of injection wells:                              2
      Flowrate per production well:                          60.0 kg/sec
      Well depth:                                             4.0 kilometer
      Segment 1   Geothermal gradient:                            50 degC/km
      Segment 1   Thickness:                         2.5 kilometer
      Segment 2   Geothermal gradient:                            40 degC/km
      Segment 2   Thickness:                         0.49 kilometer
      Segment 3   Geothermal gradient:                            30 degC/km


                           ***ECONOMIC PARAMETERS***

      Economic Model = Fixed Charge Rate (FCR)
      Fixed Charge Rate (FCR):                                5.00
      Accrued financing during construction:                 0.00 %
      Project lifetime:                                      30 yr
      Capacity factor:                                       90.0 %
      Project NPV:                                         -46.84 MUSD
      Project IRR:                                          -1.74 %
      Project VIR=PI=PIR:                                    0.33
      Project MOIC:                                         -0.13
      Project Payback Period:                                 N/A
      Estimated Jobs Created:                                 19

                          ***ENGINEERING PARAMETERS***

      Number of Production Wells:                             2
      Number of Injection Wells:                              2
      Well depth:                                             4.0 kilometer
      Water loss rate:                                        2.0 %
      Pump efficiency:                                       80.0 %
      Injection temperature:                                 50.0 degC
      User-provided production well temperature drop
      Constant production well temperature drop:              2.0 degC
      Flowrate per production well:                          60.0 kg/sec
      Injection well casing ID:                               7.000 in
      Production well casing ID:                              7.000 in
      Number of times redrilling:                             0
      Power plant type:                                       Supercritical ORC


                         ***RESOURCE CHARACTERISTICS***

      Maximum reservoir temperature:                        400.0 degC
      Number of segments:                                     3
      Segment 1   Geothermal gradient:                            50 degC/km
      Segment 1   Thickness:                         2.5 kilometer
      Segment 2   Geothermal gradient:                            40 degC/km
      Segment 2   Thickness:                         0.49 kilometer
      Segment 3   Geothermal gradient:                            30 degC/km


                           ***RESERVOIR PARAMETERS***

      Reservoir Model = Multiple Parallel Fractures Model (Gringarten)
      Bottom-hole temperature:                              194.90 degC
      Fracture model = Square
      Well separation: fracture height:                     600.00 meter
      Fracture area:                                     360000.00 m**2
      Reservoir volume:                              1000000000 m**3
      Reservoir hydrostatic pressure:                         38311.54 kPa
      Plant outlet pressure:                               1671.58 kPa
      Production wellhead pressure:                        1740.53 kPa
      Productivity Index:                                     5.00 kg/sec/bar
      Injectivity Index:                                      5.00 kg/sec/bar
      Reservoir density:                                   2700.00 kg/m**3
      Reservoir thermal conductivity:                         2.70 W/m/K
      Reservoir heat capacity:                             1000.00 J/kg/K


                           ***RESERVOIR SIMULATION RESULTS***

      Maximum Production Temperature:                       192.9 degC
      Average Production Temperature:                       189.9 degC
      Minimum Production Temperature:                       182.4 degC
      Initial Production Temperature:                       192.9 degC
      Average Reservoir Heat Extraction:                     69.66 MW
      Wellbore Heat Transmission Model = Constant Temperature Drop:       2.0 degC
      Average Injection Well Pump Pressure Drop:           -342.4 kPa
      Average Production Well Pump Pressure Drop:          1178.4 kPa


                          ***CAPITAL COSTS (M$)***

         Drilling and completion costs:                      26.49 MUSD
         Drilling and completion costs per well:              6.62 MUSD
         Stimulation costs:                                   3.02 MUSD
         Surface power plant costs:                          32.16 MUSD
         Field gathering system costs:                        2.27 MUSD
         Total surface equipment costs:                      34.43 MUSD
         Exploration costs:                                   6.16 MUSD
      Total capital costs:                                   70.10 MUSD
      Annualized capital costs:                               3.50 MUSD


                ***OPERATING AND MAINTENANCE COSTS (M$/yr)***

         Wellfield maintenance costs:                         0.56 MUSD/yr
         Power plant maintenance costs:                       1.31 MUSD/yr
         Water costs:                                         0.06 MUSD/yr
      Total operating and maintenance costs:                  1.93 MUSD/yr


                           ***SURFACE EQUIPMENT SIMULATION RESULTS***

      Initial geofluid availability:                          0.16 MW/(kg/s)
      Maximum Total Electricity Generation:                   9.16 MW
      Average Total Electricity Generation:                   8.78 MW
      Minimum Total Electricity Generation:                   7.85 MW
      Initial Total Electricity Generation:                   9.16 MW
      Maximum Net Electricity Generation:                     8.98 MW
      Average Net Electricity Generation:                     8.58 MW
      Minimum Net Electricity Generation:                     7.61 MW
      Initial Net Electricity Generation:                     8.98 MW
      Average Annual Total Electricity Generation:           69.18 GWh
      Average Annual Net Electricity Generation:             67.63 GWh
      Initial pumping power/net installed power:              1.98 %
      Average Pumping Power:                                  0.20 MW
      Heat to Power Conversion Efficiency:                   12.31 %

                            ************************************************************
                            *  HEATING, COOLING AND/OR ELECTRICITY PRODUCTION PROFILE  *
                            ************************************************************
  YEAR       THERMAL               GEOFLUID               PUMP               NET               FIRST LAW
             DRAWDOWN             TEMPERATURE             POWER             POWER              EFFICIENCY
                                     (degC)               (MW)              (MW)                  (%)
   1           1.0000                192.90               0.1781            8.9774               12.6156
   2           1.0000                192.90               0.1781            8.9774               12.6156
   3           1.0000                192.90               0.1781            8.9774               12.6156
   4           1.0000                192.90               0.1781            8.9774               12.6156
   5           1.0000                192.90               0.1781            8.9774               12.6156
   6           1.0000                192.90               0.1781            8.9772               12.6154
   7           1.0000                192.89               0.1782            8.9762               12.6147
   8           0.9998                192.87               0.1783            8.9733               12.6126
   9           0.9996                192.82               0.1786            8.9672               12.6081
  10           0.9992                192.74               0.1791            8.9565               12.6001
  11           0.9985                192.62               0.1799            8.9402               12.5880
  12           0.9977                192.45               0.1809            8.9174               12.5710
  13           0.9965                192.23               0.1823            8.8879               12.5491
  14           0.9951                191.95               0.1840            8.8516               12.5219
  15           0.9934                191.63               0.1860            8.8086               12.4897
  16           0.9915                191.25               0.1883            8.7594               12.4527
  17           0.9893                190.84               0.1908            8.7043               12.4111
  18           0.9869                190.38               0.1937            8.6439               12.3653
  19           0.9843                189.88               0.1967            8.5787               12.3157
  20           0.9816                189.35               0.1999            8.5093               12.2625
  21           0.9787                188.79               0.2033            8.4363               12.2063
  22           0.9757                188.20               0.2069            8.3601               12.1473
  23           0.9725                187.60               0.2105            8.2812               12.0858
  24           0.9693                186.97               0.2143            8.2000               12.0222
  25           0.9659                186.33               0.2181            8.1170               11.9567
  26           0.9625                185.67               0.2221            8.0326               11.8896
  27           0.9590                185.00               0.2260            7.9470               11.8211
  28           0.9555                184.32               0.2300            7.8605               11.7515
  29           0.9520                183.64               0.2341            7.7735               11.6810
  30           0.9484                182.95               0.2381            7.6861               11.6096


                              *******************************************************************
                              *  ANNUAL HEATING, COOLING AND/OR ELECTRICITY PRODUCTION PROFILE  *
                              *******************************************************************
  YEAR             ELECTRICITY                   HEAT                RESERVOIR            PERCENTAGE OF
                    PROVIDED                   EXTRACTED            HEAT CONTENT        TOTAL HEAT MINED
                   (GWh/year)                  (GWh/year)            (10^15 J)                 (%)
   1                  70.8                       561.0                389.21                   0.52
   2                  70.8                       561.0                387.19                   1.03
   3                  70.8                       561.0                385.17                   1.55
   4                  70.8                       561.0                383.15                   2.06
   5                  70.8                       561.0                381.13                   2.58
   6                  70.8                       561.0                379.11                   3.10
   7                  70.8                       561.0                377.09                   3.61
   8                  70.7                       560.8                375.07                   4.13
   9                  70.7                       560.6                373.06                   4.65
  10                  70.6                       560.2                371.04                   5.16
  11                  70.4                       559.6                369.02                   5.68
  12                  70.2                       558.8                367.01                   6.19
  13                  69.9                       557.9                365.00                   6.70
  14                  69.6                       556.7                363.00                   7.22
  15                  69.3                       555.3                361.00                   7.73
  16                  68.8                       553.8                359.01                   8.24
  17                  68.4                       552.0                357.02                   8.74
  18                  67.9                       550.2                355.04                   9.25
  19                  67.4                       548.1                353.07                   9.75
  20                  66.8                       546.0                351.10                  10.26
  21                  66.2                       543.8                349.14                  10.76
  22                  65.6                       541.4                347.19                  11.26
  23                  65.0                       539.0                345.25                  11.75
  24                  64.3                       536.5                343.32                  12.25
  25                  63.7                       533.9                341.40                  12.74
  26                  63.0                       531.3                339.49                  13.23
  27                  62.3                       528.7                337.58                  13.71
  28                  61.6                       526.0                335.69                  14.20
  29                  60.9                       523.3                333.81                  14.68
  30                  60.3                       520.8                331.93                  15.16


                             ********************************
                             *  REVENUE & CASHFLOW PROFILE  *
                             ********************************
Year            Electricity             |            Heat                  |           Cooling                 |         Carbon                    |          Project
Since     Price   Ann. Rev.  Cumm. Rev. |   Price   Ann. Rev.   Cumm. Rev. |  Price   Ann. Rev.   Cumm. Rev.   |   Price   Ann. Rev.   Cumm. Rev.  | OPEX    Net Rev.      Net Cashflow
Start    (cents/kWh)(MUSD/yr) (MUSD)    |(cents/kWh) (MUSD/yr)    (MUSD)   |(cents/kWh) (MUSD/yr)    (MUSD)    |(USD/lb)    (MUSD/yr)    (MUSD)    |(MUSD/yr) (MUSD/yr)    (MUSD)
________________________________________________________________________________________________________________________________________________________________________________________
  0      0.00           0.00   0.00     |    0.00     0.00         0.00    |    0.00     0.00         0.00     |    0.00     0.00         0.00     |  0.00     -70.10     -70.10
  1      5.50           3.89   3.89     |    2.50     0.00         0.00    |    2.50     0.00         0.00     |    0.00     0.00         0.00     |  1.93      1.96     -68.14
  2      5.50           3.89   7.79     |    2.50     0.00         0.00    |    2.50     0.00         0.00     |    0.00     0.00         0.00     |  1.93      1.96     -66.18
  3      5.50           3.89  11.68     |    2.50     0.00         0.00    |    2.50     0.00         0.00     |    0.00     0.00         0.00     |  1.93      1.96     -64.22
  4      5.50           3.89  15.57     |    2.50     0.00         0.00    |    2.50     0.00         0.00     |    0.00     0.00         0.00     |  1.93      1.96     -62.26
  5      5.50           3.89  19.46     |    2.50     0.00         0.00    |    2.50     0.00         0.00     |    0.00     0.00         0.00     |  1.93      1.96     -60.30
  6      5.50           3.89  23.36     |    2.50     0.00         0.00    |    2.50     0.00         0.00     |    0.00     0.00         0.00     |  1.93      1.96     -58.34
  7      5.50           3.89  27.25     |    2.50     0.00         0.00    |    2.50     0.00         0.00     |    0.00     0.00         0.00     |  1.93      1.96     -56.38
  8      5.50           3.89  31.14     |    2.50     0.00         0.00    |    2.50     0.00         0.00     |    0.00     0.00         0.00     |  1.93      1.96     -54.43
  9      5.50           3.89  35.02     |    2.50     0.00         0.00    |    2.50     0.00         0.00     |    0.00     0.00         0.00     |  1.93      1.95     -52.47
 10      5.50           3.88  38.90     |    2.50     0.00         0.00    |    2.50     0.00         0.00     |    0.00     0.00         0.00     |  1.93      1.95     -50.53
 11      5.50           3.87  42.78     |    2.50     0.00         0.00    |    2.50     0.00         0.00     |    0.00     0.00         0.00     |  1.93      1.94     -48.59
 12      5.50           3.86  46.64     |    2.50     0.00         0.00    |    2.50     0.00         0.00     |    0.00     0.00         0.00     |  1.93      1.93     -46.66
 13      5.50           3.85  50.48     |    2.50     0.00         0.00    |    2.50     0.00         0.00     |    0.00     0.00         0.00     |  1.93      1.91     -44.75
 14      5.50           3.83  54.31     |    2.50     0.00         0.00    |    2.50     0.00         0.00     |    0.00     0.00         0.00     |  1.93      1.90     -42.85
 15      5.50           3.81  58.12     |    2.50     0.00         0.00    |    2.50     0.00         0.00     |    0.00     0.00         0.00     |  1.93      1.88     -40.97
 16      5.50           3.79  61.91     |    2.50     0.00         0.00    |    2.50     0.00         0.00     |    0.00     0.00         0.00     |  1.93      1.85     -39.12
 17      5.50           3.76  65.67     |    2.50     0.00         0.00    |    2.50     0.00         0.00     |    0.00     0.00         0.00     |  1.93      1.83     -37.29
 18      5.50           3.73  69.40     |    2.50     0.00         0.00    |    2.50     0.00         0.00     |    0.00     0.00         0.00     |  1.93      1.80     -35.49
 19      5.50           3.70  73.11     |    2.50     0.00         0.00    |    2.50     0.00         0.00     |    0.00     0.00         0.00     |  1.93      1.77     -33.72
 20      5.50           3.67  76.78     |    2.50     0.00         0.00    |    2.50     0.00         0.00     |    0.00     0.00         0.00     |  1.93      1.74     -31.98
 21      5.50           3.64  80.42     |    2.50     0.00         0.00    |    2.50     0.00         0.00     |    0.00     0.00         0.00     |  1.93      1.71     -30.27
 22      5.50           3.61  84.03     |    2.50     0.00         0.00    |    2.50     0.00         0.00     |    0.00     0.00         0.00     |  1.93      1.67     -28.60
 23      5.50           3.57  87.61     |    2.50     0.00         0.00    |    2.50     0.00         0.00     |    0.00     0.00         0.00     |  1.93      1.64     -26.96
 24      5.50           3.54  91.14     |    2.50     0.00         0.00    |    2.50     0.00         0.00     |    0.00     0.00         0.00     |  1.93      1.60     -25.35
 25      5.50           3.50  94.65     |    2.50     0.00         0.00    |    2.50     0.00         0.00     |    0.00     0.00         0.00     |  1.93      1.57     -23.78
 26      5.50           3.46  98.11     |    2.50     0.00         0.00    |    2.50     0.00         0.00     |    0.00     0.00         0.00     |  1.93      1.53     -22.25
 27      5.50           3.43  101.54     |    2.50     0.00         0.00    |    2.50     0.00         0.00     |    0.00     0.00         0.00     |  1.93      1.49     -20.76
 28      5.50           3.39  104.93     |    2.50     0.00         0.00    |    2.50     0.00         0.00     |    0.00     0.00         0.00     |  1.93      1.46     -19.30
 29      5.50           3.35  108.28     |    2.50     0.00         0.00    |    2.50     0.00         0.00     |    0.00     0.00         0.00     |  1.93      1.42     -17.88
 30      5.50           3.32  111.60     |    2.50     0.00         0.00    |    2.50     0.00         0.00     |    0.00     0.00         0.00     |  1.93      1.38     -16.50
